Binary tree:
(null)

Binary tree:
                                                                          |---- (NULL)

                                                  /---- RRight
                                                                                                   |---- (NULL)

                                                                           \---- RRLeft
                                                                                                   |---- (NULL)

                         /---- Right
                                                 |---- (NULL)

      Head
                                                 |---- (NULL)

                         \---- Left
                                                                                                                            |---- (NULL)

                                                                                                    /---- LLRRight
                                                                                                                            |---- (NULL)

                                                                           /---- LLRight
                                                                                                   |---- (NULL)

                                                  \---- LLeft
                                                                          |---- (NULL)


Applying btree_search_item [RRight]:
RRight
Applying btree_search_item [LRight]:
(null)
Applying btree_search_item [(null)]:
(null)
